<?xml version="1.0" encoding="UTF-8"?>
<testng-results skipped="0" failed="0" total="1" passed="1">
  <reporter-output>
  </reporter-output>
  <suite name="Suite" duration-ms="28" started-at="2017-07-13T18:16:14Z" finished-at="2017-07-13T18:16:14Z">
    <groups>
    </groups>
    <test name="Test" duration-ms="28" started-at="2017-07-13T18:16:14Z" finished-at="2017-07-13T18:16:14Z">
      <class name="jenkinsDemo.jenkinsDemo">
        <test-method status="PASS" signature="test()[pri:0, instance:jenkinsDemo.jenkinsDemo@2ff4f00f]" name="test" duration-ms="12" started-at="2017-07-13T13:16:14Z" finished-at="2017-07-13T13:16:14Z">
          <reporter-output>
          </reporter-output>
        </test-method> <!-- test -->
      </class> <!-- jenkinsDemo.jenkinsDemo -->
    </test> <!-- Test -->
  </suite> <!-- Suite -->
</testng-results>
